
> my-portal-app@0.1.0 build
> react-scripts build

node.exe : [baseline-browser-mapping] The data in this 
module is over two months old.  To ensure accurate 
Baseline data, please update: `npm i 
baseline-browser-mapping@latest -D`
At C:\Program Files\nodejs\npm.ps1:29 char:3
+   & $NODE_EXE $NPM_CLI_JS $args
+   ~~~~~~~~~~~~~~~~~~~~~~~~~~~~~
    + CategoryInfo          : NotSpecified: ([baseline-b 
   rows...ping@latest -D`:String) [], RemoteException
    + FullyQualifiedErrorId : NativeCommandError
 
Creating an optimized production build...
[baseline-browser-mapping] The data in this module is 
over two months old.  To ensure accurate Baseline data, 
please update: `npm i baseline-browser-mapping@latest -D`
Compiled with warnings.

[eslint] 
src\Pages\UploadResume.jsx
  Line 507:3:  'Upload' is defined but never used       no-unused-vars
  Line 509:3:  'X' is defined but never used            no-unused-vars
  Line 510:3:  'CheckCircle' is defined but never used  no-unused-vars
  Line 511:3:  'AlertCircle' is defined but never used  no-unused-vars
  Line 512:3:  'Eye' is defined but never used          no-unused-vars
  Line 513:3:  'Download' is defined but never used     no-unused-vars

Search for the keywords to learn more about each warning.
To ignore, add // eslint-disable-next-line to the line before.

File sizes after gzip:

  411.06 kB (-237.71 kB)  build\static\js\main.e317db61.js
  110.79 kB               build\static\js\762.4167d8bb.chunk.js
  98.57 kB                build\static\js\129.afe35578.chunk.js
  46.35 kB                build\static\js\239.9e0a9459.chunk.js
  43.27 kB                build\static\js\455.c46e030b.chunk.js
  41.06 kB                build\static\css\main.39f4ed09.css
  9.7 kB                  build\static\js\857.f2e6f764.chunk.js
  8.52 kB                 build\static\js\977.44efc305.chunk.js
  5.91 kB                 build\static\js\661.f3545c73.chunk.js
  5.43 kB                 build\static\js\50.63ab557c.chunk.js
  5.1 kB                  build\static\js\685.def4328c.chunk.js
  5.08 kB                 build\static\js\153.05b04387.chunk.js
  4.96 kB                 build\static\js\211.051293ad.chunk.js
  4.26 kB                 build\static\js\653.219f4f36.chunk.js
  3.78 kB                 build\static\js\90.55aea4b7.chunk.js
  1.71 kB                 build\static\js\961.ae5a5a83.chunk.js
  308 B                   build\static\js\378.52e9d814.chunk.js

The project was built assuming it is hosted at /.
You can control this with the homepage field in your package.json.

The build folder is ready to be deployed.
You may serve it with a static server:

  npm install -g serve
  serve -s build

Find out more about deployment here:

  https://cra.link/deployment

