
> my-portal-app@0.1.0 build
> react-scripts build

Creating an optimized production build...
Compiled with warnings.

[eslint] 
src\Components\Admin\Controller.jsx
  Line 612:7:   'getStatusBadge' is assigned a value but never used  no-unused-vars
  Line 627:7:   'getTypeBadge' is assigned a value but never used    no-unused-vars
  Line 643:10:  'loading' is assigned a value but never used         no-unused-vars
  Line 644:10:  'error' is assigned a value but never used           no-unused-vars
  Line 651:10:  'candidates' is assigned a value but never used      no-unused-vars

src\Components\ContactHero.jsx
  Line 23:9:  'blobRotate' is assigned a value but never used  no-unused-vars

src\Components\DashboardComponents\ProfileCompontes\Exprience.jsx
  Line 590:6:   React Hook useEffect has a missing dependency: 'fetchWork'. Either include it or remove the dependency array  react-hooks/exhaustive-deps
  Line 596:13:  'deleted' is assigned a value but never used                                                                  no-unused-vars

src\Components\DashboardComponents\ProfileCompontes\SocialLink.jsx
  Line 31:10:  'autoPlatform' is assigned a value but never used                                                              no-unused-vars
  Line 35:6:   React Hook useEffect has a missing dependency: 'fetchLinks'. Either include it or remove the dependency array  react-hooks/exhaustive-deps

src\Components\EngagementSections.jsx
  Line 73:6:  React Hook useEffect has missing dependencies: 'awardRefs' and 'storyRefs'. Either include them or remove the dependency array  react-hooks/exhaustive-deps

src\Components\JobListingCompontes\JobFilterPanel.jsx
  Line 64:9:    'userRole' is assigned a value but never used                                                                 no-unused-vars
  Line 88:6:    React Hook useEffect has a missing dependency: 'filters'. Either include it or remove the dependency array    react-hooks/exhaustive-deps
  Line 196:23:  'params.type' is assigned to itself                                                                           no-self-assign
  Line 223:6:   React Hook useEffect has a missing dependency: 'fetchJobs'. Either include it or remove the dependency array  react-hooks/exhaustive-deps

src\Pages\BlogDetails.jsx
  Line 43:8:  'TopResumeMistakes' is defined but never used                     no-unused-vars
  Line 44:8:  'NotFoundBlog' is defined but never used                          no-unused-vars
  Line 45:8:  'InterviewPrep' is defined but never used                         no-unused-vars
  Line 46:8:  'InDemandSkills' is defined but never used                        no-unused-vars
  Line 47:8:  'CareerTipDetails' is defined but never used                      no-unused-vars
  Line 48:8:  'CareerTipJobApplicationDetails' is defined but never used        no-unused-vars
  Line 49:8:  'HowtoStandOutinOnlineJobApplications' is defined but never used  no-unused-vars
  Line 50:8:  'CareerTipCareerGrowth' is defined but never used                 no-unused-vars

src\Pages\JobsDetalis.jsx
  Line 535:17:  img elements must have an alt prop, either with meaningful text, or an empty string for decorative images  jsx-a11y/alt-text
  Line 540:17:  img elements must have an alt prop, either with meaningful text, or an empty string for decorative images  jsx-a11y/alt-text
  Line 545:17:  img elements must have an alt prop, either with meaningful text, or an empty string for decorative images  jsx-a11y/alt-text
  Line 550:17:  img elements must have an alt prop, either with meaningful text, or an empty string for decorative images  jsx-a11y/alt-text
  Line 579:19:  img elements must have an alt prop, either with meaningful text, or an empty string for decorative images  jsx-a11y/alt-text
  Line 596:17:  img elements must have an alt prop, either with meaningful text, or an empty string for decorative images  jsx-a11y/alt-text

src\Pages\Register.jsx
  Line 1:38:  'useCallback' is defined but never used  no-unused-vars

src\Pages\UploadResume.jsx
  Line 506:3:   'Upload' is defined but never used                                                                                      no-unused-vars
  Line 508:3:   'X' is defined but never used                                                                                           no-unused-vars
  Line 509:3:   'CheckCircle' is defined but never used                                                                                 no-unused-vars
  Line 510:3:   'AlertCircle' is defined but never used                                                                                 no-unused-vars
  Line 511:3:   'Eye' is defined but never used                                                                                         no-unused-vars
  Line 512:3:   'Download' is defined but never used                                                                                    no-unused-vars
  Line 516:18:  'AnimatePresence' is defined but never used                                                                             no-unused-vars
  Line 523:10:  'isDragging' is assigned a value but never used                                                                         no-unused-vars
  Line 532:6:   React Hook useEffect has a missing dependency: 'fetchExistingResume'. Either include it or remove the dependency array  react-hooks/exhaustive-deps
  Line 644:9:   'formatSize' is assigned a value but never used                                                                         no-unused-vars

Search for the keywords to learn more about each warning.
To ignore, add // eslint-disable-next-line to the line before.

File sizes after gzip:

  648.79 kB  build\static\js\main.645c026c.js
  46.35 kB   build\static\js\239.9e0a9459.chunk.js
  43.27 kB   build\static\js\455.c46e030b.chunk.js
  41.06 kB   build\static\css\main.39f4ed09.css
  8.52 kB    build\static\js\977.44efc305.chunk.js
  3.78 kB    build\static\js\90.55aea4b7.chunk.js

The bundle size is significantly larger than recommended.
Consider reducing it with code splitting: https://goo.gl/9VhYWB
You can also analyze the project dependencies: https://goo.gl/LeUzfb

The project was built assuming it is hosted at /.
You can control this with the homepage field in your package.json.

The build folder is ready to be deployed.
You may serve it with a static server:

  npm install -g serve
  serve -s build

Find out more about deployment here:

  https://cra.link/deployment

